<?xml version="1.0" encoding="utf-8"?><testsuites name="pytest tests"><testsuite name="pytest" errors="0" failures="0" skipped="0" tests="4" time="2.108" timestamp="2026-07-05T15:35:09.808691+00:00" hostname="agent-env-f5ed1797-cbab-4705-9663-3a9ec130f75a"><testcase classname="backend.tests.test_winter_season.TestAppSettingsShape" name="test_settings_has_no_shorten_hours_field" time="0.466" /><testcase classname="backend.tests.test_winter_season.TestSeasonDatesPersist" name="test_put_summer_and_winter_start" time="0.195" /><testcase classname="backend.tests.test_winter_season.TestTimeWinterOverridePersistence" name="test_put_time_with_winter_time_and_verify" time="0.188" /><testcase classname="backend.tests.test_winter_season.TestDailyOverviewWinterFallback" name="test_winter_fallback_30min_after_light_on" time="1.133" /></testsuite></testsuites>