<?xml version="1.0" encoding="utf-8"?><testsuites name="pytest tests"><testsuite name="pytest" errors="0" failures="0" skipped="0" tests="21" time="6.316" timestamp="2026-07-02T14:56:59.328443+00:00" hostname="agent-env-f5ed1797-cbab-4705-9663-3a9ec130f75a"><testcase classname="backend.tests.test_admin_appearance.TestAppearanceSettingsPersistence" name="test_put_app_bg_and_title_color_persists" time="0.469" /><testcase classname="backend.tests.test_admin_appearance.TestAppearanceSettingsPersistence" name="test_appearance_update_does_not_clobber_banner_fields" time="0.238" /><testcase classname="backend.tests.test_admin_appearance.TestAppearanceSettingsPersistence" name="test_none_reset_of_appearance_colors" time="0.241" /><testcase classname="backend.tests.test_admin_appearance.TestAppearanceSettingsPersistence" name="test_mongodb_id_excluded_and_no_objectid_leak" time="0.260" /><testcase classname="backend.tests.test_backend.TestDragonsAgeCategory" name="test_create_dragon_age_category_ignored_and_computed" time="0.240" /><testcase classname="backend.tests.test_backend.TestDragonsAgeCategory" name="test_various_birthdays_compute_correct_category[3-2-4]" time="0.180" /><testcase classname="backend.tests.test_backend.TestDragonsAgeCategory" name="test_various_birthdays_compute_correct_category[5-4-7]" time="0.201" /><testcase classname="backend.tests.test_backend.TestDragonsAgeCategory" name="test_various_birthdays_compute_correct_category[9-7-12]" time="0.189" /><testcase classname="backend.tests.test_backend.TestDragonsAgeCategory" name="test_various_birthdays_compute_correct_category[14-12+]" time="0.186" /><testcase classname="backend.tests.test_backend.TestDragonsAgeCategory" name="test_update_birthday_recomputes_age_category" time="0.253" /><testcase classname="backend.tests.test_backend.TestDragonsAgeCategory" name="test_get_nonexistent_dragon_404" time="0.060" /><testcase classname="backend.tests.test_backend.TestDragonsAgeCategory" name="test_max_5_dragons_enforced" time="0.693" /><testcase classname="backend.tests.test_backend.TestTimesAndItems" name="test_create_time_and_verify" time="0.184" /><testcase classname="backend.tests.test_backend.TestTimesAndItems" name="test_create_and_delete_task_item" time="0.181" /><testcase classname="backend.tests.test_backend.TestScheduleSlotsBulkCopyAndOverview" name="test_bulk_copy_creates_cartesian_product" time="0.618" /><testcase classname="backend.tests.test_backend.TestScheduleSlotsBulkCopyAndOverview" name="test_bulk_copy_upserts_existing_slot_not_duplicate" time="0.689" /><testcase classname="backend.tests.test_backend.TestScheduleSlotsBulkCopyAndOverview" name="test_full_flow_schedule_and_overview_age_matching" time="0.748" /><testcase classname="backend.tests.test_backend.TestScheduleSlotsBulkCopyAndOverview" name="test_update_schedule_slot_normal_regression" time="0.427" /><testcase classname="backend.tests.test_backend.TestScheduleSlotsBulkCopyAndOverview" name="test_delete_nonexistent_slot_404" time="0.063" /><testcase classname="backend.tests.test_backend.TestValidation" name="test_invalid_gender_rejected" time="0.060" /><testcase classname="backend.tests.test_backend.TestValidation" name="test_invalid_date_format_overview" time="0.063" /></testsuite></testsuites>