<?xml version="1.0" encoding="utf-8"?><testsuites name="pytest tests"><testsuite name="pytest" errors="0" failures="0" skipped="0" tests="8" time="2.637" timestamp="2026-07-02T20:05:59.878951+00:00" hostname="agent-env-f5ed1797-cbab-4705-9663-3a9ec130f75a"><testcase classname="backend.tests.test_weights.TestWeightCRUD" name="test_create_and_list_weight_entry" time="0.653" /><testcase classname="backend.tests.test_weights.TestWeightCRUD" name="test_create_weight_invalid_dragon_id" time="0.136" /><testcase classname="backend.tests.test_weights.TestWeightCRUD" name="test_create_weight_nonexistent_dragon" time="0.145" /><testcase classname="backend.tests.test_weights.TestWeightCRUD" name="test_delete_nonexistent_weight_entry" time="0.206" /><testcase classname="backend.tests.test_weights.TestWeightCRUD" name="test_delete_weight_invalid_id_format" time="0.203" /><testcase classname="backend.tests.test_weights.TestWeightCRUD" name="test_zero_weight_allowed_by_backend" time="0.319" /><testcase classname="backend.tests.test_weights.TestWeightCascadeDelete" name="test_dragon_delete_cascades_weight_entries" time="0.406" /><testcase classname="backend.tests.test_weights.TestAdminExportIncludesWeights" name="test_export_contains_weight_entries_key" time="0.497" /></testsuite></testsuites>