<?xml version="1.0" encoding="utf-8"?><testsuites name="pytest tests"><testsuite name="pytest" errors="0" failures="0" skipped="0" tests="33" time="14.289" timestamp="2026-07-02T20:10:06.115204+00:00" hostname="agent-env-f5ed1797-cbab-4705-9663-3a9ec130f75a"><testcase classname="backend.tests.test_admin_appearance.TestAppearanceSettingsPersistence" name="test_put_app_bg_and_title_color_persists" time="0.642" /><testcase classname="backend.tests.test_admin_appearance.TestAppearanceSettingsPersistence" name="test_appearance_update_does_not_clobber_banner_fields" time="0.324" /><testcase classname="backend.tests.test_admin_appearance.TestAppearanceSettingsPersistence" name="test_none_reset_of_appearance_colors" time="0.294" /><testcase classname="backend.tests.test_admin_appearance.TestAppearanceSettingsPersistence" name="test_white_color_both_fields_persists" time="0.204" /><testcase classname="backend.tests.test_admin_appearance.TestAppearanceSettingsPersistence" name="test_mongodb_id_excluded_and_no_objectid_leak" time="0.561" /><testcase classname="backend.tests.test_backend.TestDragonsAgeCategory" name="test_create_dragon_age_category_ignored_and_computed" time="0.358" /><testcase classname="backend.tests.test_backend.TestDragonsAgeCategory" name="test_various_birthdays_compute_correct_category[3-2-4]" time="0.276" /><testcase classname="backend.tests.test_backend.TestDragonsAgeCategory" name="test_various_birthdays_compute_correct_category[5-4-7]" time="0.298" /><testcase classname="backend.tests.test_backend.TestDragonsAgeCategory" name="test_various_birthdays_compute_correct_category[9-7-12]" time="0.291" /><testcase classname="backend.tests.test_backend.TestDragonsAgeCategory" name="test_various_birthdays_compute_correct_category[14-12+]" time="0.283" /><testcase classname="backend.tests.test_backend.TestDragonsAgeCategory" name="test_update_birthday_recomputes_age_category" time="0.355" /><testcase classname="backend.tests.test_backend.TestDragonsAgeCategory" name="test_get_nonexistent_dragon_404" time="0.090" /><testcase classname="backend.tests.test_backend.TestDragonsAgeCategory" name="test_unlimited_dragons_no_cap_enforced" time="0.385" /><testcase classname="backend.tests.test_backend.TestTimesAndItems" name="test_create_time_and_verify" time="0.275" /><testcase classname="backend.tests.test_backend.TestTimesAndItems" name="test_create_and_delete_task_item" time="0.273" /><testcase classname="backend.tests.test_backend.TestScheduleSlotsBulkCopyAndOverview" name="test_bulk_copy_creates_cartesian_product" time="0.966" /><testcase classname="backend.tests.test_backend.TestScheduleSlotsBulkCopyAndOverview" name="test_bulk_copy_upserts_existing_slot_not_duplicate" time="1.080" /><testcase classname="backend.tests.test_backend.TestScheduleSlotsBulkCopyAndOverview" name="test_full_flow_schedule_and_overview_age_matching" time="1.140" /><testcase classname="backend.tests.test_backend.TestScheduleSlotsBulkCopyAndOverview" name="test_update_schedule_slot_normal_regression" time="0.646" /><testcase classname="backend.tests.test_backend.TestScheduleSlotsBulkCopyAndOverview" name="test_delete_nonexistent_slot_404" time="0.093" /><testcase classname="backend.tests.test_backend.TestValidation" name="test_invalid_gender_rejected" time="0.090" /><testcase classname="backend.tests.test_backend.TestValidation" name="test_invalid_date_format_overview" time="0.090" /><testcase classname="backend.tests.test_new_features.TestUnlimitedDragons" name="test_create_more_than_5_dragons_no_error" time="1.118" /><testcase classname="backend.tests.test_new_features.TestScheduleSlotBulkDelete" name="test_bulk_delete_all_days_and_single_delete_regression" time="1.215" /><testcase classname="backend.tests.test_new_features.TestAdminAppearancePersistence" name="test_page_title_color_persists" time="0.461" /><testcase classname="backend.tests.test_weights.TestWeightCRUD" name="test_create_and_list_weight_entry" time="0.443" /><testcase classname="backend.tests.test_weights.TestWeightCRUD" name="test_create_weight_invalid_dragon_id" time="0.135" /><testcase classname="backend.tests.test_weights.TestWeightCRUD" name="test_create_weight_nonexistent_dragon" time="0.147" /><testcase classname="backend.tests.test_weights.TestWeightCRUD" name="test_delete_nonexistent_weight_entry" time="0.167" /><testcase classname="backend.tests.test_weights.TestWeightCRUD" name="test_delete_weight_invalid_id_format" time="0.162" /><testcase classname="backend.tests.test_weights.TestWeightCRUD" name="test_zero_weight_allowed_by_backend" time="0.422" /><testcase classname="backend.tests.test_weights.TestWeightCascadeDelete" name="test_dragon_delete_cascades_weight_entries" time="0.427" /><testcase classname="backend.tests.test_weights.TestAdminExportIncludesWeights" name="test_export_contains_weight_entries_key" time="0.467" /></testsuite></testsuites>