<?xml version="1.0" encoding="utf-8"?><testsuites name="pytest tests"><testsuite name="pytest" errors="0" failures="0" skipped="0" tests="3" time="2.081" timestamp="2026-07-02T16:32:07.178715+00:00" hostname="agent-env-f5ed1797-cbab-4705-9663-3a9ec130f75a"><testcase classname="backend.tests.test_new_features.TestUnlimitedDragons" name="test_create_more_than_5_dragons_no_error" time="0.955" /><testcase classname="backend.tests.test_new_features.TestScheduleSlotBulkDelete" name="test_bulk_delete_all_days_and_single_delete_regression" time="0.784" /><testcase classname="backend.tests.test_new_features.TestAdminAppearancePersistence" name="test_page_title_color_persists" time="0.275" /></testsuite></testsuites>