<?xml version="1.0" encoding="utf-8"?><testsuites name="pytest tests"><testsuite name="pytest" errors="0" failures="0" skipped="0" tests="5" time="8.195" timestamp="2026-07-03T08:57:04.224274+00:00" hostname="agent-env-f5ed1797-cbab-4705-9663-3a9ec130f75a"><testcase classname="tests.test_careplan_reset_and_translation.TestCareplanReset" name="test_reset_careplan_wipes_and_reseeds" time="0.903" /><testcase classname="tests.test_careplan_reset_and_translation.TestCareplanReset" name="test_reseeded_data_fully_editable" time="0.277" /><testcase classname="tests.test_careplan_reset_and_translation.TestAITranslation" name="test_create_task_item_with_source_language_da_translates_to_en" time="4.293" /><testcase classname="tests.test_careplan_reset_and_translation.TestAITranslation" name="test_put_toggle_is_automatic_does_not_retranslate" time="2.070" /><testcase classname="tests.test_careplan_reset_and_translation.TestAITranslation" name="test_daily_overview_item_names_switch_with_language" time="0.574" /></testsuite></testsuites>