<?xml version="1.0" encoding="utf-8"?><testsuites name="pytest tests"><testsuite name="pytest" errors="0" failures="0" skipped="0" tests="4" time="0.754" timestamp="2026-07-17T12:35:23.130169+00:00" hostname="agent-env-f5ed1797-cbab-4705-9663-3a9ec130f75a"><testcase classname="backend.tests.test_calendar_summary_dragon_filter.TestCalendarSummaryDragonFilter" name="test_sif_only_is_green" time="0.220" /><testcase classname="backend.tests.test_calendar_summary_dragon_filter.TestCalendarSummaryDragonFilter" name="test_logan_only_is_red" time="0.170" /><testcase classname="backend.tests.test_calendar_summary_dragon_filter.TestCalendarSummaryDragonFilter" name="test_aggregate_no_dragon_id_is_yellow" time="0.195" /><testcase classname="backend.tests.test_calendar_summary_dragon_filter.TestCalendarSummaryDragonFilter" name="test_invalid_dragon_id_returns_none_status" time="0.099" /></testsuite></testsuites>