<?xml version="1.0" encoding="utf-8"?><testsuites name="pytest tests"><testsuite name="pytest" errors="0" failures="0" skipped="0" tests="9" time="2.580" timestamp="2026-07-03T15:42:05.726641+00:00" hostname="agent-env-f5ed1797-cbab-4705-9663-3a9ec130f75a"><testcase classname="tests.test_activity_state.TestActivityStateEndpoint" name="test_default_activity_state_is_active" time="0.371" /><testcase classname="tests.test_activity_state.TestActivityStateEndpoint" name="test_put_activity_state_to_brumation" time="0.275" /><testcase classname="tests.test_activity_state.TestActivityStateEndpoint" name="test_put_activity_state_back_to_active" time="0.256" /><testcase classname="tests.test_activity_state.TestActivityStateEndpoint" name="test_put_invalid_activity_state_returns_422" time="0.241" /><testcase classname="tests.test_activity_state.TestActivityStateEndpoint" name="test_put_activity_state_invalid_dragon_id" time="0.102" /><testcase classname="tests.test_activity_state.TestActivityStateEndpoint" name="test_put_activity_state_nonexistent_dragon" time="0.131" /><testcase classname="tests.test_activity_state.TestDailyOverviewFiltering" name="test_overview_includes_activity_state" time="0.302" /><testcase classname="tests.test_activity_state.TestDailyOverviewFiltering" name="test_brumation_hides_feeding_tasks" time="0.462" /><testcase classname="tests.test_activity_state.TestDailyOverviewFiltering" name="test_brumation_per_dragon_isolation" time="0.366" /></testsuite></testsuites>