<?xml version="1.0" encoding="utf-8"?><testsuites name="pytest tests"><testsuite name="pytest" errors="0" failures="0" skipped="0" tests="17" time="3.969" timestamp="2026-07-02T14:33:06.383709+00:00" hostname="agent-env-f5ed1797-cbab-4705-9663-3a9ec130f75a"><testcase classname="backend.tests.test_backend.TestDragonsAgeCategory" name="test_create_dragon_age_category_ignored_and_computed" time="0.291" /><testcase classname="backend.tests.test_backend.TestDragonsAgeCategory" name="test_various_birthdays_compute_correct_category[3-2-4]" time="0.150" /><testcase classname="backend.tests.test_backend.TestDragonsAgeCategory" name="test_various_birthdays_compute_correct_category[5-4-7]" time="0.144" /><testcase classname="backend.tests.test_backend.TestDragonsAgeCategory" name="test_various_birthdays_compute_correct_category[9-7-12]" time="0.146" /><testcase classname="backend.tests.test_backend.TestDragonsAgeCategory" name="test_various_birthdays_compute_correct_category[14-12+]" time="0.144" /><testcase classname="backend.tests.test_backend.TestDragonsAgeCategory" name="test_update_birthday_recomputes_age_category" time="0.184" /><testcase classname="backend.tests.test_backend.TestDragonsAgeCategory" name="test_get_nonexistent_dragon_404" time="0.044" /><testcase classname="backend.tests.test_backend.TestDragonsAgeCategory" name="test_max_5_dragons_enforced" time="0.503" /><testcase classname="backend.tests.test_backend.TestTimesAndItems" name="test_create_time_and_verify" time="0.146" /><testcase classname="backend.tests.test_backend.TestTimesAndItems" name="test_create_and_delete_task_item" time="0.141" /><testcase classname="backend.tests.test_backend.TestScheduleSlotsBulkCopyAndOverview" name="test_bulk_copy_creates_cartesian_product" time="0.461" /><testcase classname="backend.tests.test_backend.TestScheduleSlotsBulkCopyAndOverview" name="test_bulk_copy_upserts_existing_slot_not_duplicate" time="0.506" /><testcase classname="backend.tests.test_backend.TestScheduleSlotsBulkCopyAndOverview" name="test_full_flow_schedule_and_overview_age_matching" time="0.568" /><testcase classname="backend.tests.test_backend.TestScheduleSlotsBulkCopyAndOverview" name="test_update_schedule_slot_normal_regression" time="0.331" /><testcase classname="backend.tests.test_backend.TestScheduleSlotsBulkCopyAndOverview" name="test_delete_nonexistent_slot_404" time="0.048" /><testcase classname="backend.tests.test_backend.TestValidation" name="test_invalid_gender_rejected" time="0.045" /><testcase classname="backend.tests.test_backend.TestValidation" name="test_invalid_date_format_overview" time="0.046" /></testsuite></testsuites>