<?xml version="1.0" encoding="utf-8"?><testsuites name="pytest tests"><testsuite name="pytest" errors="0" failures="0" skipped="0" tests="3" time="1.064" timestamp="2026-07-03T16:43:40.293317+00:00" hostname="agent-env-f5ed1797-cbab-4705-9663-3a9ec130f75a"><testcase classname="backend.tests.test_seasonal_light.TestAdminSettingsSeasonPersistence" name="test_put_and_get_season_settings_roundtrip" time="0.514" /><testcase classname="backend.tests.test_seasonal_light.TestDailyOverviewSeasonalShift" name="test_winter_period_shifts_lys_tasks_symmetrically" time="0.210" /><testcase classname="backend.tests.test_seasonal_light.TestDailyOverviewSeasonalShift" name="test_outside_winter_period_no_shift" time="0.275" /></testsuite></testsuites>