<?xml version="1.0" encoding="utf-8"?><testsuites name="pytest tests"><testsuite name="pytest" errors="0" failures="0" skipped="0" tests="13" time="1.690" timestamp="2026-07-02T22:14:39.135090+00:00" hostname="agent-env-f5ed1797-cbab-4705-9663-3a9ec130f75a"><testcase classname="tests.test_language_settings.TestLanguageSettingsDefaults" name="test_get_settings_has_default_lang_fields" time="0.321" /><testcase classname="tests.test_language_settings.TestLanguageSettingsDefaults" name="test_no_mongo_objectid_leak" time="0.000" /><testcase classname="tests.test_language_settings.TestLanguageSettingsUpdate" name="test_put_updates_language_weight_time" time="0.203" /><testcase classname="tests.test_language_settings.TestLanguageSettingsUpdate" name="test_put_switch_back_to_english_defaults" time="0.099" /><testcase classname="tests.test_language_settings.TestLanguageSettingsUpdate" name="test_put_lang_settings_does_not_clobber_banner_fields" time="0.289" /><testcase classname="tests.test_language_settings.TestLanguageSettingsUpdate" name="test_put_invalid_language_value_rejected" time="0.070" /><testcase classname="tests.test_language_settings.TestLanguageSettingsUpdate" name="test_put_invalid_weight_unit_rejected" time="0.063" /><testcase classname="tests.test_language_settings.TestLanguageSettingsUpdate" name="test_put_invalid_time_format_rejected" time="0.067" /><testcase classname="tests.test_language_settings.TestRegressionCoreEndpoints" name="test_dragons_list_endpoint_ok" time="0.072" /><testcase classname="tests.test_language_settings.TestRegressionCoreEndpoints" name="test_task_items_list_endpoint_ok" time="0.075" /><testcase classname="tests.test_language_settings.TestRegressionCoreEndpoints" name="test_times_list_endpoint_ok" time="0.074" /><testcase classname="tests.test_language_settings.TestRegressionCoreEndpoints" name="test_daily_overview_endpoint_ok" time="0.078" /><testcase classname="tests.test_language_settings.TestRegressionCoreEndpoints" name="test_admin_export_endpoint_ok" time="0.205" /></testsuite></testsuites>