<?xml version="1.0" encoding="utf-8"?><testsuites name="pytest tests"><testsuite name="pytest" errors="0" failures="0" skipped="0" tests="15" time="2.681" timestamp="2026-07-02T09:56:13.322391+00:00" hostname="agent-env-f5ed1797-cbab-4705-9663-3a9ec130f75a"><testcase classname="tests.test_backend.TestDragons" name="test_create_dragon_and_verify_persistence" time="0.247" /><testcase classname="tests.test_backend.TestDragons" name="test_update_dragon" time="0.106" /><testcase classname="tests.test_backend.TestDragons" name="test_get_nonexistent_dragon_404" time="0.044" /><testcase classname="tests.test_backend.TestDragons" name="test_max_5_dragons_enforced" time="0.320" /><testcase classname="tests.test_backend.TestDragons" name="test_delete_dragon" time="0.088" /><testcase classname="tests.test_backend.TestTimes" name="test_create_time_and_verify" time="0.129" /><testcase classname="tests.test_backend.TestTimes" name="test_duplicate_time_rejected" time="0.050" /><testcase classname="tests.test_backend.TestTimes" name="test_delete_time" time="0.133" /><testcase classname="tests.test_backend.TestTaskItems" name="test_create_and_list_task_item" time="0.128" /><testcase classname="tests.test_backend.TestTaskItems" name="test_delete_task_item" time="0.135" /><testcase classname="tests.test_backend.TestScheduleSlotsAndOverview" name="test_full_flow_schedule_and_overview" time="0.747" /><testcase classname="tests.test_backend.TestScheduleSlotsAndOverview" name="test_update_schedule_slot" time="0.343" /><testcase classname="tests.test_backend.TestScheduleSlotsAndOverview" name="test_delete_nonexistent_slot_404" time="0.043" /><testcase classname="tests.test_backend.TestValidation" name="test_invalid_age_category_rejected" time="0.042" /><testcase classname="tests.test_backend.TestValidation" name="test_invalid_date_format_overview" time="0.044" /></testsuite></testsuites>