<?xml version="1.0" encoding="utf-8"?><testsuites name="pytest tests"><testsuite name="pytest" errors="0" failures="0" skipped="0" tests="46" time="12.168" timestamp="2026-07-02T22:21:42.793535+00:00" hostname="agent-env-f5ed1797-cbab-4705-9663-3a9ec130f75a"><testcase classname="tests.test_admin_appearance.TestAppearanceSettingsPersistence" name="test_put_app_bg_and_title_color_persists" time="0.470" /><testcase classname="tests.test_admin_appearance.TestAppearanceSettingsPersistence" name="test_appearance_update_does_not_clobber_banner_fields" time="0.265" /><testcase classname="tests.test_admin_appearance.TestAppearanceSettingsPersistence" name="test_none_reset_of_appearance_colors" time="0.257" /><testcase classname="tests.test_admin_appearance.TestAppearanceSettingsPersistence" name="test_white_color_both_fields_persists" time="0.166" /><testcase classname="tests.test_admin_appearance.TestAppearanceSettingsPersistence" name="test_mongodb_id_excluded_and_no_objectid_leak" time="0.487" /><testcase classname="tests.test_backend.TestDragonsAgeCategory" name="test_create_dragon_age_category_ignored_and_computed" time="0.247" /><testcase classname="tests.test_backend.TestDragonsAgeCategory" name="test_various_birthdays_compute_correct_category[3-2-4]" time="0.204" /><testcase classname="tests.test_backend.TestDragonsAgeCategory" name="test_various_birthdays_compute_correct_category[5-4-7]" time="0.169" /><testcase classname="tests.test_backend.TestDragonsAgeCategory" name="test_various_birthdays_compute_correct_category[9-7-12]" time="0.182" /><testcase classname="tests.test_backend.TestDragonsAgeCategory" name="test_various_birthdays_compute_correct_category[14-12+]" time="0.177" /><testcase classname="tests.test_backend.TestDragonsAgeCategory" name="test_update_birthday_recomputes_age_category" time="0.222" /><testcase classname="tests.test_backend.TestDragonsAgeCategory" name="test_get_nonexistent_dragon_404" time="0.057" /><testcase classname="tests.test_backend.TestDragonsAgeCategory" name="test_unlimited_dragons_no_cap_enforced" time="0.229" /><testcase classname="tests.test_backend.TestTimesAndItems" name="test_create_time_and_verify" time="0.166" /><testcase classname="tests.test_backend.TestTimesAndItems" name="test_create_and_delete_task_item" time="0.172" /><testcase classname="tests.test_backend.TestScheduleSlotsBulkCopyAndOverview" name="test_bulk_copy_creates_cartesian_product" time="0.582" /><testcase classname="tests.test_backend.TestScheduleSlotsBulkCopyAndOverview" name="test_bulk_copy_upserts_existing_slot_not_duplicate" time="0.623" /><testcase classname="tests.test_backend.TestScheduleSlotsBulkCopyAndOverview" name="test_full_flow_schedule_and_overview_age_matching" time="0.692" /><testcase classname="tests.test_backend.TestScheduleSlotsBulkCopyAndOverview" name="test_update_schedule_slot_normal_regression" time="0.557" /><testcase classname="tests.test_backend.TestScheduleSlotsBulkCopyAndOverview" name="test_delete_nonexistent_slot_404" time="0.057" /><testcase classname="tests.test_backend.TestValidation" name="test_invalid_gender_rejected" time="0.055" /><testcase classname="tests.test_backend.TestValidation" name="test_invalid_date_format_overview" time="0.052" /><testcase classname="tests.test_language_settings.TestLanguageSettingsDefaults" name="test_get_settings_has_default_lang_fields" time="0.259" /><testcase classname="tests.test_language_settings.TestLanguageSettingsDefaults" name="test_no_mongo_objectid_leak" time="0.000" /><testcase classname="tests.test_language_settings.TestLanguageSettingsUpdate" name="test_put_updates_language_weight_time" time="0.168" /><testcase classname="tests.test_language_settings.TestLanguageSettingsUpdate" name="test_put_switch_back_to_english_defaults" time="0.086" /><testcase classname="tests.test_language_settings.TestLanguageSettingsUpdate" name="test_put_lang_settings_does_not_clobber_banner_fields" time="0.254" /><testcase classname="tests.test_language_settings.TestLanguageSettingsUpdate" name="test_put_invalid_language_value_rejected" time="0.060" /><testcase classname="tests.test_language_settings.TestLanguageSettingsUpdate" name="test_put_invalid_weight_unit_rejected" time="0.058" /><testcase classname="tests.test_language_settings.TestLanguageSettingsUpdate" name="test_put_invalid_time_format_rejected" time="0.061" /><testcase classname="tests.test_language_settings.TestRegressionCoreEndpoints" name="test_dragons_list_endpoint_ok" time="0.061" /><testcase classname="tests.test_language_settings.TestRegressionCoreEndpoints" name="test_task_items_list_endpoint_ok" time="0.064" /><testcase classname="tests.test_language_settings.TestRegressionCoreEndpoints" name="test_times_list_endpoint_ok" time="0.057" /><testcase classname="tests.test_language_settings.TestRegressionCoreEndpoints" name="test_daily_overview_endpoint_ok" time="0.064" /><testcase classname="tests.test_language_settings.TestRegressionCoreEndpoints" name="test_admin_export_endpoint_ok" time="0.172" /><testcase classname="tests.test_new_features.TestUnlimitedDragons" name="test_create_more_than_5_dragons_no_error" time="0.983" /><testcase classname="tests.test_new_features.TestScheduleSlotBulkDelete" name="test_bulk_delete_all_days_and_single_delete_regression" time="0.939" /><testcase classname="tests.test_new_features.TestAdminAppearancePersistence" name="test_page_title_color_persists" time="0.434" /><testcase classname="tests.test_weights.TestWeightCRUD" name="test_create_and_list_weight_entry" time="0.456" /><testcase classname="tests.test_weights.TestWeightCRUD" name="test_create_weight_invalid_dragon_id" time="0.138" /><testcase classname="tests.test_weights.TestWeightCRUD" name="test_create_weight_nonexistent_dragon" time="0.131" /><testcase classname="tests.test_weights.TestWeightCRUD" name="test_delete_nonexistent_weight_entry" time="0.135" /><testcase classname="tests.test_weights.TestWeightCRUD" name="test_delete_weight_invalid_id_format" time="0.165" /><testcase classname="tests.test_weights.TestWeightCRUD" name="test_zero_weight_allowed_by_backend" time="0.304" /><testcase classname="tests.test_weights.TestWeightCascadeDelete" name="test_dragon_delete_cascades_weight_entries" time="0.436" /><testcase classname="tests.test_weights.TestAdminExportIncludesWeights" name="test_export_contains_weight_entries_key" time="0.498" /></testsuite></testsuites>