<?xml version="1.0" encoding="utf-8"?><testsuites name="pytest tests"><testsuite name="pytest" errors="0" failures="0" skipped="0" tests="5" time="1.579" timestamp="2026-07-02T15:43:18.721423+00:00" hostname="agent-env-f5ed1797-cbab-4705-9663-3a9ec130f75a"><testcase classname="tests.test_admin_appearance.TestAppearanceSettingsPersistence" name="test_put_app_bg_and_title_color_persists" time="0.586" /><testcase classname="tests.test_admin_appearance.TestAppearanceSettingsPersistence" name="test_appearance_update_does_not_clobber_banner_fields" time="0.274" /><testcase classname="tests.test_admin_appearance.TestAppearanceSettingsPersistence" name="test_none_reset_of_appearance_colors" time="0.249" /><testcase classname="tests.test_admin_appearance.TestAppearanceSettingsPersistence" name="test_white_color_both_fields_persists" time="0.164" /><testcase classname="tests.test_admin_appearance.TestAppearanceSettingsPersistence" name="test_mongodb_id_excluded_and_no_objectid_leak" time="0.233" /></testsuite></testsuites>